Flow report for flappy_bird
Sun Dec 07 13:53:23 2014
Quartus II 64-Bit Version 12.0 Build 178 05/31/2012 SJ Full Version


---------------------
; Table of Contents ;
---------------------
  1. Legal Notice
  2. Flow Summary
  3. Flow Settings
  4. Flow Non-Default Global Settings
  5. Flow Elapsed Time
  6. Flow OS Summary
  7. Flow Log



----------------
; Legal Notice ;
----------------
Copyright (C) 1991-2012 Altera Corporation
Your use of Altera Corporation's design tools, logic functions 
and other software and tools, and its AMPP partner logic 
functions, and any output files from any of the foregoing 
(including device programming or simulation files), and any 
associated documentation or information are expressly subject 
to the terms and conditions of the Altera Program License 
Subscription Agreement, Altera MegaCore Function License 
Agreement, or other applicable license agreement, including, 
without limitation, that your use is for the sole purpose of 
programming logic devices manufactured by Altera and sold by 
Altera or its authorized distributors.  Please refer to the 
applicable agreement for further details.



+--------------------------------------------------------------------------------+
; Flow Summary                                                                   ;
+------------------------------------+-------------------------------------------+
; Flow Status                        ; Successful - Sun Dec 07 13:53:23 2014     ;
; Quartus II 64-Bit Version          ; 12.0 Build 178 05/31/2012 SJ Full Version ;
; Revision Name                      ; flappy_bird                               ;
; Top-level Entity Name              ; flappy_bird                               ;
; Family                             ; Cyclone II                                ;
; Device                             ; EP2C35F672C7                              ;
; Timing Models                      ; Final                                     ;
; Total logic elements               ; 3,130 / 33,216 ( 9 % )                    ;
;     Total combinational functions  ; 2,876 / 33,216 ( 9 % )                    ;
;     Dedicated logic registers      ; 1,860 / 33,216 ( 6 % )                    ;
; Total registers                    ; 1909                                      ;
; Total pins                         ; 429 / 475 ( 90 % )                        ;
; Total virtual pins                 ; 0                                         ;
; Total memory bits                  ; 83,456 / 483,840 ( 17 % )                 ;
; Embedded Multiplier 9-bit elements ; 4 / 70 ( 6 % )                            ;
; Total PLLs                         ; 0 / 4 ( 0 % )                             ;
+------------------------------------+-------------------------------------------+


+-----------------------------------------+
; Flow Settings                           ;
+-------------------+---------------------+
; Option            ; Setting             ;
+-------------------+---------------------+
; Start date & time ; 12/07/2014 13:52:24 ;
; Main task         ; Compilation         ;
; Revision Name     ; flappy_bird         ;
+-------------------+---------------------+


+----------------------------------------------------------------------------------------------------------------------+
; Flow Non-Default Global Settings                                                                                     ;
+-------------------------------------+---------------------------------+---------------+-------------+----------------+
; Assignment Name                     ; Value                           ; Default Value ; Entity Name ; Section Id     ;
+-------------------------------------+---------------------------------+---------------+-------------+----------------+
; COMPILER_SIGNATURE_ID               ; 126133580131611.141793154340888 ; --            ; --          ; --             ;
; EDA_OUTPUT_DATA_FORMAT              ; Verilog Hdl                     ; --            ; --          ; eda_simulation ;
; EDA_SIMULATION_TOOL                 ; ModelSim-Altera (Verilog)       ; <None>        ; --          ; --             ;
; IP_TOOL_ENV                         ; sopc                            ; --            ; kernel      ; --             ;
; IP_TOOL_NAME                        ; sopc                            ; --            ; kernel      ; --             ;
; IP_TOOL_VERSION                     ; 12.0                            ; --            ; kernel      ; --             ;
; MAX_CORE_JUNCTION_TEMP              ; 85                              ; --            ; --          ; --             ;
; MIN_CORE_JUNCTION_TEMP              ; 0                               ; --            ; --          ; --             ;
; PARTITION_COLOR                     ; 16764057                        ; --            ; --          ; Top            ;
; PARTITION_FITTER_PRESERVATION_LEVEL ; PLACEMENT_AND_ROUTING           ; --            ; --          ; Top            ;
; PARTITION_NETLIST_TYPE              ; SOURCE                          ; --            ; --          ; Top            ;
; SOPC_BUILDER_SIGNATURE_ID           ; 50B7C33CED1B0000014A23491A3C    ; --            ; --          ; --             ;
+-------------------------------------+---------------------------------+---------------+-------------+----------------+


+-------------------------------------------------------------------------------------------------------------------------------+
; Flow Elapsed Time                                                                                                             ;
+---------------------------+--------------+-------------------------+---------------------+------------------------------------+
; Module Name               ; Elapsed Time ; Average Processors Used ; Peak Virtual Memory ; Total CPU Time (on all processors) ;
+---------------------------+--------------+-------------------------+---------------------+------------------------------------+
; Analysis & Synthesis      ; 00:00:22     ; 1.0                     ; 551 MB              ; 00:00:22                           ;
; Fitter                    ; 00:00:22     ; 2.5                     ; 636 MB              ; 00:00:27                           ;
; TimeQuest Timing Analyzer ; 00:00:03     ; 1.0                     ; 439 MB              ; 00:00:02                           ;
; Assembler                 ; 00:00:05     ; 1.0                     ; 416 MB              ; 00:00:03                           ;
; EDA Netlist Writer        ; 00:00:03     ; 1.0                     ; 417 MB              ; 00:00:03                           ;
; Total                     ; 00:00:55     ; --                      ; --                  ; 00:00:57                           ;
+---------------------------+--------------+-------------------------+---------------------+------------------------------------+


+----------------------------------------------------------------------------------------+
; Flow OS Summary                                                                        ;
+---------------------------+------------------+-----------+------------+----------------+
; Module Name               ; Machine Hostname ; OS Name   ; OS Version ; Processor type ;
+---------------------------+------------------+-----------+------------+----------------+
; Analysis & Synthesis      ; xsxs-PC          ; Windows 7 ; 6.1        ; x86_64         ;
; Fitter                    ; xsxs-PC          ; Windows 7 ; 6.1        ; x86_64         ;
; TimeQuest Timing Analyzer ; xsxs-PC          ; Windows 7 ; 6.1        ; x86_64         ;
; Assembler                 ; xsxs-PC          ; Windows 7 ; 6.1        ; x86_64         ;
; EDA Netlist Writer        ; xsxs-PC          ; Windows 7 ; 6.1        ; x86_64         ;
+---------------------------+------------------+-----------+------------+----------------+


------------
; Flow Log ;
------------
quartus_map --read_settings_files=on --write_settings_files=off flappy_bird -c flappy_bird
quartus_fit --read_settings_files=off --write_settings_files=off flappy_bird -c flappy_bird
quartus_sta flappy_bird -c flappy_bird
quartus_asm --read_settings_files=off --write_settings_files=off flappy_bird -c flappy_bird
quartus_eda --read_settings_files=off --write_settings_files=off flappy_bird -c flappy_bird



